<?xml version="1.0" encoding="UTF-8"?>
<testsuite xmlns:xsi="http://www.w3.org/2001/XMLSchema-instance" xsi:noNamespaceSchemaLocation="https://maven.apache.org/surefire/maven-surefire-plugin/xsd/surefire-test-report.xsd" name="cn.com.liandisys.lsdn.cloud.registry.RegistryApplicationTests" time="11.825" tests="1" errors="0" skipped="0" failures="0">
  <properties>
    <property name="sun.desktop" value="windows"/>
    <property name="awt.toolkit" value="sun.awt.windows.WToolkit"/>
    <property name="file.encoding.pkg" value="sun.io"/>
    <property name="java.specification.version" value="1.8"/>
    <property name="sun.cpu.isalist" value="amd64"/>
    <property name="sun.jnu.encoding" value="GBK"/>
    <property name="java.class.path" value="D:\work-space\idea-work-space\lsdn\cloud\registry\target\test-classes;D:\work-space\idea-work-space\lsdn\cloud\registry\target\classes;D:\javadepsoft\repositorys\org\springframework\boot\spring-boot-starter-web\2.2.7.RELEASE\spring-boot-starter-web-2.2.7.RELEASE.jar;D:\javadepsoft\repositorys\org\springframework\boot\spring-boot-starter\2.2.7.RELEASE\spring-boot-starter-2.2.7.RELEASE.jar;D:\javadepsoft\repositorys\org\springframework\boot\spring-boot\2.2.7.RELEASE\spring-boot-2.2.7.RELEASE.jar;D:\javadepsoft\repositorys\org\springframework\boot\spring-boot-autoconfigure\2.2.7.RELEASE\spring-boot-autoconfigure-2.2.7.RELEASE.jar;D:\javadepsoft\repositorys\org\springframework\boot\spring-boot-starter-logging\2.2.7.RELEASE\spring-boot-starter-logging-2.2.7.RELEASE.jar;D:\javadepsoft\repositorys\org\apache\logging\log4j\log4j-to-slf4j\2.12.1\log4j-to-slf4j-2.12.1.jar;D:\javadepsoft\repositorys\org\apache\logging\log4j\log4j-api\2.12.1\log4j-api-2.12.1.jar;D:\javadepsoft\repositorys\org\slf4j\jul-to-slf4j\1.7.30\jul-to-slf4j-1.7.30.jar;D:\javadepsoft\repositorys\jakarta\annotation\jakarta.annotation-api\1.3.5\jakarta.annotation-api-1.3.5.jar;D:\javadepsoft\repositorys\org\yaml\snakeyaml\1.25\snakeyaml-1.25.jar;D:\javadepsoft\repositorys\org\springframework\boot\spring-boot-starter-json\2.2.7.RELEASE\spring-boot-starter-json-2.2.7.RELEASE.jar;D:\javadepsoft\repositorys\com\fasterxml\jackson\core\jackson-databind\2.10.4\jackson-databind-2.10.4.jar;D:\javadepsoft\repositorys\com\fasterxml\jackson\core\jackson-annotations\2.10.4\jackson-annotations-2.10.4.jar;D:\javadepsoft\repositorys\com\fasterxml\jackson\core\jackson-core\2.10.4\jackson-core-2.10.4.jar;D:\javadepsoft\repositorys\com\fasterxml\jackson\datatype\jackson-datatype-jdk8\2.10.4\jackson-datatype-jdk8-2.10.4.jar;D:\javadepsoft\repositorys\com\fasterxml\jackson\datatype\jackson-datatype-jsr310\2.10.4\jackson-datatype-jsr310-2.10.4.jar;D:\javadepsoft\repositorys\com\fasterxml\jackson\module\jackson-module-parameter-names\2.10.4\jackson-module-parameter-names-2.10.4.jar;D:\javadepsoft\repositorys\org\springframework\boot\spring-boot-starter-tomcat\2.2.7.RELEASE\spring-boot-starter-tomcat-2.2.7.RELEASE.jar;D:\javadepsoft\repositorys\org\apache\tomcat\embed\tomcat-embed-core\9.0.34\tomcat-embed-core-9.0.34.jar;D:\javadepsoft\repositorys\org\apache\tomcat\embed\tomcat-embed-el\9.0.34\tomcat-embed-el-9.0.34.jar;D:\javadepsoft\repositorys\org\apache\tomcat\embed\tomcat-embed-websocket\9.0.34\tomcat-embed-websocket-9.0.34.jar;D:\javadepsoft\repositorys\org\springframework\boot\spring-boot-starter-validation\2.2.7.RELEASE\spring-boot-starter-validation-2.2.7.RELEASE.jar;D:\javadepsoft\repositorys\jakarta\validation\jakarta.validation-api\2.0.2\jakarta.validation-api-2.0.2.jar;D:\javadepsoft\repositorys\org\hibernate\validator\hibernate-validator\6.0.19.Final\hibernate-validator-6.0.19.Final.jar;D:\javadepsoft\repositorys\org\jboss\logging\jboss-logging\3.4.1.Final\jboss-logging-3.4.1.Final.jar;D:\javadepsoft\repositorys\com\fasterxml\classmate\1.5.1\classmate-1.5.1.jar;D:\javadepsoft\repositorys\org\springframework\spring-web\5.2.6.RELEASE\spring-web-5.2.6.RELEASE.jar;D:\javadepsoft\repositorys\org\springframework\spring-beans\5.2.6.RELEASE\spring-beans-5.2.6.RELEASE.jar;D:\javadepsoft\repositorys\org\springframework\spring-webmvc\5.2.6.RELEASE\spring-webmvc-5.2.6.RELEASE.jar;D:\javadepsoft\repositorys\org\springframework\spring-aop\5.2.6.RELEASE\spring-aop-5.2.6.RELEASE.jar;D:\javadepsoft\repositorys\org\springframework\spring-context\5.2.6.RELEASE\spring-context-5.2.6.RELEASE.jar;D:\javadepsoft\repositorys\org\springframework\spring-expression\5.2.6.RELEASE\spring-expression-5.2.6.RELEASE.jar;D:\javadepsoft\repositorys\org\springframework\cloud\spring-cloud-starter-netflix-eureka-server\2.2.2.RELEASE\spring-cloud-starter-netflix-eureka-server-2.2.2.RELEASE.jar;D:\javadepsoft\repositorys\org\springframework\cloud\spring-cloud-starter\2.2.2.RELEASE\spring-cloud-starter-2.2.2.RELEASE.jar;D:\javadepsoft\repositorys\org\springframework\cloud\spring-cloud-context\2.2.2.RELEASE\spring-cloud-context-2.2.2.RELEASE.jar;D:\javadepsoft\repositorys\org\springframework\security\spring-security-crypto\5.2.4.RELEASE\spring-security-crypto-5.2.4.RELEASE.jar;D:\javadepsoft\repositorys\org\springframework\cloud\spring-cloud-commons\2.2.2.RELEASE\spring-cloud-commons-2.2.2.RELEASE.jar;D:\javadepsoft\repositorys\org\springframework\security\spring-security-rsa\1.0.9.RELEASE\spring-security-rsa-1.0.9.RELEASE.jar;D:\javadepsoft\repositorys\org\bouncycastle\bcpkix-jdk15on\1.64\bcpkix-jdk15on-1.64.jar;D:\javadepsoft\repositorys\org\bouncycastle\bcprov-jdk15on\1.64\bcprov-jdk15on-1.64.jar;D:\javadepsoft\repositorys\org\springframework\cloud\spring-cloud-netflix-eureka-server\2.2.2.RELEASE\spring-cloud-netflix-eureka-server-2.2.2.RELEASE.jar;D:\javadepsoft\repositorys\org\springframework\boot\spring-boot-starter-actuator\2.2.7.RELEASE\spring-boot-starter-actuator-2.2.7.RELEASE.jar;D:\javadepsoft\repositorys\org\springframework\boot\spring-boot-actuator-autoconfigure\2.2.7.RELEASE\spring-boot-actuator-autoconfigure-2.2.7.RELEASE.jar;D:\javadepsoft\repositorys\org\springframework\boot\spring-boot-actuator\2.2.7.RELEASE\spring-boot-actuator-2.2.7.RELEASE.jar;D:\javadepsoft\repositorys\io\micrometer\micrometer-core\1.3.8\micrometer-core-1.3.8.jar;D:\javadepsoft\repositorys\org\latencyutils\LatencyUtils\2.0.3\LatencyUtils-2.0.3.jar;D:\javadepsoft\repositorys\org\springframework\boot\spring-boot-starter-freemarker\2.2.7.RELEASE\spring-boot-starter-freemarker-2.2.7.RELEASE.jar;D:\javadepsoft\repositorys\org\freemarker\freemarker\2.3.30\freemarker-2.3.30.jar;D:\javadepsoft\repositorys\org\springframework\spring-context-support\5.2.6.RELEASE\spring-context-support-5.2.6.RELEASE.jar;D:\javadepsoft\repositorys\org\springframework\cloud\spring-cloud-netflix-hystrix\2.2.2.RELEASE\spring-cloud-netflix-hystrix-2.2.2.RELEASE.jar;D:\javadepsoft\repositorys\org\springframework\boot\spring-boot-starter-aop\2.2.7.RELEASE\spring-boot-starter-aop-2.2.7.RELEASE.jar;D:\javadepsoft\repositorys\org\aspectj\aspectjweaver\1.9.5\aspectjweaver-1.9.5.jar;D:\javadepsoft\repositorys\org\springframework\cloud\spring-cloud-netflix-eureka-client\2.2.2.RELEASE\spring-cloud-netflix-eureka-client-2.2.2.RELEASE.jar;D:\javadepsoft\repositorys\com\netflix\eureka\eureka-client\1.9.17\eureka-client-1.9.17.jar;D:\javadepsoft\repositorys\org\codehaus\jettison\jettison\1.3.7\jettison-1.3.7.jar;D:\javadepsoft\repositorys\stax\stax-api\1.0.1\stax-api-1.0.1.jar;D:\javadepsoft\repositorys\com\netflix\netflix-commons\netflix-eventbus\0.3.0\netflix-eventbus-0.3.0.jar;D:\javadepsoft\repositorys\com\netflix\netflix-commons\netflix-infix\0.3.0\netflix-infix-0.3.0.jar;D:\javadepsoft\repositorys\commons-jxpath\commons-jxpath\1.3\commons-jxpath-1.3.jar;D:\javadepsoft\repositorys\joda-time\joda-time\2.10.6\joda-time-2.10.6.jar;D:\javadepsoft\repositorys\org\antlr\antlr-runtime\3.4\antlr-runtime-3.4.jar;D:\javadepsoft\repositorys\org\antlr\stringtemplate\3.2.1\stringtemplate-3.2.1.jar;D:\javadepsoft\repositorys\antlr\antlr\2.7.7\antlr-2.7.7.jar;D:\javadepsoft\repositorys\com\google\code\gson\gson\2.8.6\gson-2.8.6.jar;D:\javadepsoft\repositorys\org\apache\commons\commons-math\2.2\commons-math-2.2.jar;D:\javadepsoft\repositorys\javax\ws\rs\jsr311-api\1.1.1\jsr311-api-1.1.1.jar;D:\javadepsoft\repositorys\com\netflix\servo\servo-core\0.12.21\servo-core-0.12.21.jar;D:\javadepsoft\repositorys\com\sun\jersey\jersey-core\1.19.1\jersey-core-1.19.1.jar;D:\javadepsoft\repositorys\com\sun\jersey\contribs\jersey-apache-client4\1.19.1\jersey-apache-client4-1.19.1.jar;D:\javadepsoft\repositorys\org\apache\httpcomponents\httpclient\4.5.12\httpclient-4.5.12.jar;D:\javadepsoft\repositorys\org\apache\httpcomponents\httpcore\4.4.13\httpcore-4.4.13.jar;D:\javadepsoft\repositorys\commons-codec\commons-codec\1.13\commons-codec-1.13.jar;D:\javadepsoft\repositorys\com\google\inject\guice\4.1.0\guice-4.1.0.jar;D:\javadepsoft\repositorys\aopalliance\aopalliance\1.0\aopalliance-1.0.jar;D:\javadepsoft\repositorys\com\sun\jersey\jersey-servlet\1.19.1\jersey-servlet-1.19.1.jar;D:\javadepsoft\repositorys\com\sun\jersey\jersey-server\1.19.1\jersey-server-1.19.1.jar;D:\javadepsoft\repositorys\com\sun\jersey\jersey-client\1.19.1\jersey-client-1.19.1.jar;D:\javadepsoft\repositorys\com\netflix\eureka\eureka-core\1.9.17\eureka-core-1.9.17.jar;D:\javadepsoft\repositorys\com\netflix\archaius\archaius-core\0.7.6\archaius-core-0.7.6.jar;D:\javadepsoft\repositorys\com\google\code\findbugs\jsr305\3.0.1\jsr305-3.0.1.jar;D:\javadepsoft\repositorys\com\google\guava\guava\28.2-android\guava-28.2-android.jar;D:\javadepsoft\repositorys\com\google\guava\failureaccess\1.0.1\failureaccess-1.0.1.jar;D:\javadepsoft\repositorys\com\google\guava\listenablefuture\9999.0-empty-to-avoid-conflict-with-guava\listenablefuture-9999.0-empty-to-avoid-conflict-with-guava.jar;D:\javadepsoft\repositorys\org\checkerframework\checker-compat-qual\2.5.5\checker-compat-qual-2.5.5.jar;D:\javadepsoft\repositorys\com\google\errorprone\error_prone_annotations\2.3.4\error_prone_annotations-2.3.4.jar;D:\javadepsoft\repositorys\com\google\j2objc\j2objc-annotations\1.3\j2objc-annotations-1.3.jar;D:\javadepsoft\repositorys\javax\inject\javax.inject\1\javax.inject-1.jar;D:\javadepsoft\repositorys\com\fasterxml\jackson\dataformat\jackson-dataformat-xml\2.10.4\jackson-dataformat-xml-2.10.4.jar;D:\javadepsoft\repositorys\com\fasterxml\jackson\module\jackson-module-jaxb-annotations\2.10.4\jackson-module-jaxb-annotations-2.10.4.jar;D:\javadepsoft\repositorys\org\codehaus\woodstox\stax2-api\4.2\stax2-api-4.2.jar;D:\javadepsoft\repositorys\com\thoughtworks\xstream\xstream\1.4.11.1\xstream-1.4.11.1.jar;D:\javadepsoft\repositorys\xmlpull\xmlpull\1.1.3.1\xmlpull-1.1.3.1.jar;D:\javadepsoft\repositorys\xpp3\xpp3_min\1.1.4c\xpp3_min-1.1.4c.jar;D:\javadepsoft\repositorys\org\springframework\cloud\spring-cloud-starter-netflix-archaius\2.2.2.RELEASE\spring-cloud-starter-netflix-archaius-2.2.2.RELEASE.jar;D:\javadepsoft\repositorys\org\springframework\cloud\spring-cloud-netflix-ribbon\2.2.2.RELEASE\spring-cloud-netflix-ribbon-2.2.2.RELEASE.jar;D:\javadepsoft\repositorys\org\springframework\cloud\spring-cloud-netflix-archaius\2.2.2.RELEASE\spring-cloud-netflix-archaius-2.2.2.RELEASE.jar;D:\javadepsoft\repositorys\commons-configuration\commons-configuration\1.8\commons-configuration-1.8.jar;D:\javadepsoft\repositorys\commons-lang\commons-lang\2.6\commons-lang-2.6.jar;D:\javadepsoft\repositorys\org\springframework\cloud\spring-cloud-starter-netflix-ribbon\2.2.2.RELEASE\spring-cloud-starter-netflix-ribbon-2.2.2.RELEASE.jar;D:\javadepsoft\repositorys\com\netflix\ribbon\ribbon\2.3.0\ribbon-2.3.0.jar;D:\javadepsoft\repositorys\com\netflix\ribbon\ribbon-transport\2.3.0\ribbon-transport-2.3.0.jar;D:\javadepsoft\repositorys\io\reactivex\rxnetty-contexts\0.4.9\rxnetty-contexts-0.4.9.jar;D:\javadepsoft\repositorys\io\reactivex\rxnetty-servo\0.4.9\rxnetty-servo-0.4.9.jar;D:\javadepsoft\repositorys\com\netflix\hystrix\hystrix-core\1.5.18\hystrix-core-1.5.18.jar;D:\javadepsoft\repositorys\io\reactivex\rxnetty\0.4.9\rxnetty-0.4.9.jar;D:\javadepsoft\repositorys\com\netflix\ribbon\ribbon-core\2.3.0\ribbon-core-2.3.0.jar;D:\javadepsoft\repositorys\com\netflix\ribbon\ribbon-httpclient\2.3.0\ribbon-httpclient-2.3.0.jar;D:\javadepsoft\repositorys\commons-collections\commons-collections\3.2.2\commons-collections-3.2.2.jar;D:\javadepsoft\repositorys\com\netflix\netflix-commons\netflix-commons-util\0.3.0\netflix-commons-util-0.3.0.jar;D:\javadepsoft\repositorys\com\netflix\ribbon\ribbon-loadbalancer\2.3.0\ribbon-loadbalancer-2.3.0.jar;D:\javadepsoft\repositorys\com\netflix\netflix-commons\netflix-statistics\0.1.1\netflix-statistics-0.1.1.jar;D:\javadepsoft\repositorys\io\reactivex\rxjava\1.3.8\rxjava-1.3.8.jar;D:\javadepsoft\repositorys\org\springframework\cloud\spring-cloud-starter-loadbalancer\2.2.2.RELEASE\spring-cloud-starter-loadbalancer-2.2.2.RELEASE.jar;D:\javadepsoft\repositorys\org\springframework\cloud\spring-cloud-loadbalancer\2.2.2.RELEASE\spring-cloud-loadbalancer-2.2.2.RELEASE.jar;D:\javadepsoft\repositorys\io\projectreactor\reactor-core\3.3.5.RELEASE\reactor-core-3.3.5.RELEASE.jar;D:\javadepsoft\repositorys\org\reactivestreams\reactive-streams\1.0.3\reactive-streams-1.0.3.jar;D:\javadepsoft\repositorys\io\projectreactor\addons\reactor-extra\3.3.3.RELEASE\reactor-extra-3.3.3.RELEASE.jar;D:\javadepsoft\repositorys\org\springframework\boot\spring-boot-starter-cache\2.2.7.RELEASE\spring-boot-starter-cache-2.2.7.RELEASE.jar;D:\javadepsoft\repositorys\com\stoyanr\evictor\1.0.0\evictor-1.0.0.jar;D:\javadepsoft\repositorys\com\netflix\ribbon\ribbon-eureka\2.3.0\ribbon-eureka-2.3.0.jar;D:\javadepsoft\repositorys\org\glassfish\jaxb\jaxb-runtime\2.3.3\jaxb-runtime-2.3.3.jar;D:\javadepsoft\repositorys\org\glassfish\jaxb\txw2\2.3.3\txw2-2.3.3.jar;D:\javadepsoft\repositorys\com\sun\istack\istack-commons-runtime\3.0.11\istack-commons-runtime-3.0.11.jar;D:\javadepsoft\repositorys\com\sun\activation\jakarta.activation\1.2.2\jakarta.activation-1.2.2.jar;D:\javadepsoft\repositorys\org\springframework\boot\spring-boot-starter-test\2.2.7.RELEASE\spring-boot-starter-test-2.2.7.RELEASE.jar;D:\javadepsoft\repositorys\org\springframework\boot\spring-boot-test\2.2.7.RELEASE\spring-boot-test-2.2.7.RELEASE.jar;D:\javadepsoft\repositorys\org\springframework\boot\spring-boot-test-autoconfigure\2.2.7.RELEASE\spring-boot-test-autoconfigure-2.2.7.RELEASE.jar;D:\javadepsoft\repositorys\com\jayway\jsonpath\json-path\2.4.0\json-path-2.4.0.jar;D:\javadepsoft\repositorys\net\minidev\json-smart\2.3\json-smart-2.3.jar;D:\javadepsoft\repositorys\net\minidev\accessors-smart\1.2\accessors-smart-1.2.jar;D:\javadepsoft\repositorys\org\ow2\asm\asm\5.0.4\asm-5.0.4.jar;D:\javadepsoft\repositorys\jakarta\xml\bind\jakarta.xml.bind-api\2.3.3\jakarta.xml.bind-api-2.3.3.jar;D:\javadepsoft\repositorys\jakarta\activation\jakarta.activation-api\1.2.2\jakarta.activation-api-1.2.2.jar;D:\javadepsoft\repositorys\org\junit\jupiter\junit-jupiter\5.5.2\junit-jupiter-5.5.2.jar;D:\javadepsoft\repositorys\org\junit\jupiter\junit-jupiter-api\5.5.2\junit-jupiter-api-5.5.2.jar;D:\javadepsoft\repositorys\org\apiguardian\apiguardian-api\1.1.0\apiguardian-api-1.1.0.jar;D:\javadepsoft\repositorys\org\opentest4j\opentest4j\1.2.0\opentest4j-1.2.0.jar;D:\javadepsoft\repositorys\org\junit\platform\junit-platform-commons\1.5.2\junit-platform-commons-1.5.2.jar;D:\javadepsoft\repositorys\org\junit\jupiter\junit-jupiter-params\5.5.2\junit-jupiter-params-5.5.2.jar;D:\javadepsoft\repositorys\org\junit\jupiter\junit-jupiter-engine\5.5.2\junit-jupiter-engine-5.5.2.jar;D:\javadepsoft\repositorys\org\junit\platform\junit-platform-engine\1.5.2\junit-platform-engine-1.5.2.jar;D:\javadepsoft\repositorys\org\mockito\mockito-junit-jupiter\3.1.0\mockito-junit-jupiter-3.1.0.jar;D:\javadepsoft\repositorys\org\assertj\assertj-core\3.13.2\assertj-core-3.13.2.jar;D:\javadepsoft\repositorys\org\hamcrest\hamcrest\2.1\hamcrest-2.1.jar;D:\javadepsoft\repositorys\org\mockito\mockito-core\3.1.0\mockito-core-3.1.0.jar;D:\javadepsoft\repositorys\net\bytebuddy\byte-buddy\1.10.10\byte-buddy-1.10.10.jar;D:\javadepsoft\repositorys\net\bytebuddy\byte-buddy-agent\1.10.10\byte-buddy-agent-1.10.10.jar;D:\javadepsoft\repositorys\org\objenesis\objenesis\2.6\objenesis-2.6.jar;D:\javadepsoft\repositorys\org\skyscreamer\jsonassert\1.5.0\jsonassert-1.5.0.jar;D:\javadepsoft\repositorys\com\vaadin\external\google\android-json\0.0.20131108.vaadin1\android-json-0.0.20131108.vaadin1.jar;D:\javadepsoft\repositorys\org\springframework\spring-core\5.2.6.RELEASE\spring-core-5.2.6.RELEASE.jar;D:\javadepsoft\repositorys\org\springframework\spring-jcl\5.2.6.RELEASE\spring-jcl-5.2.6.RELEASE.jar;D:\javadepsoft\repositorys\org\springframework\spring-test\5.2.6.RELEASE\spring-test-5.2.6.RELEASE.jar;D:\javadepsoft\repositorys\org\xmlunit\xmlunit-core\2.6.4\xmlunit-core-2.6.4.jar;D:\javadepsoft\repositorys\ch\qos\logback\logback-classic\1.2.3\logback-classic-1.2.3.jar;D:\javadepsoft\repositorys\ch\qos\logback\logback-core\1.2.3\logback-core-1.2.3.jar;D:\javadepsoft\repositorys\org\slf4j\slf4j-api\1.7.30\slf4j-api-1.7.30.jar;"/>
    <property name="java.vm.vendor" value="Oracle Corporation"/>
    <property name="sun.arch.data.model" value="64"/>
    <property name="user.variant" value=""/>
    <property name="java.vendor.url" value="http://java.oracle.com/"/>
    <property name="user.timezone" value="Asia/Shanghai"/>
    <property name="java.vm.specification.version" value="1.8"/>
    <property name="os.name" value="Windows 10"/>
    <property name="user.country" value="CN"/>
    <property name="sun.java.launcher" value="SUN_STANDARD"/>
    <property name="sun.boot.library.path" value="C:\Program Files\Java\jdk1.8.0_181\jre\bin"/>
    <property name="sun.java.command" value="C:\Users\MrLu\AppData\Local\Temp\surefire1499424224960218741\surefirebooter7605517075322267842.jar C:\Users\MrLu\AppData\Local\Temp\surefire1499424224960218741 2020-05-26T14-09-47_542-jvmRun1 surefire2672995594114353602tmp surefire_0191844427769238972tmp"/>
    <property name="surefire.test.class.path" value="D:\work-space\idea-work-space\lsdn\cloud\registry\target\test-classes;D:\work-space\idea-work-space\lsdn\cloud\registry\target\classes;D:\javadepsoft\repositorys\org\springframework\boot\spring-boot-starter-web\2.2.7.RELEASE\spring-boot-starter-web-2.2.7.RELEASE.jar;D:\javadepsoft\repositorys\org\springframework\boot\spring-boot-starter\2.2.7.RELEASE\spring-boot-starter-2.2.7.RELEASE.jar;D:\javadepsoft\repositorys\org\springframework\boot\spring-boot\2.2.7.RELEASE\spring-boot-2.2.7.RELEASE.jar;D:\javadepsoft\repositorys\org\springframework\boot\spring-boot-autoconfigure\2.2.7.RELEASE\spring-boot-autoconfigure-2.2.7.RELEASE.jar;D:\javadepsoft\repositorys\org\springframework\boot\spring-boot-starter-logging\2.2.7.RELEASE\spring-boot-starter-logging-2.2.7.RELEASE.jar;D:\javadepsoft\repositorys\org\apache\logging\log4j\log4j-to-slf4j\2.12.1\log4j-to-slf4j-2.12.1.jar;D:\javadepsoft\repositorys\org\apache\logging\log4j\log4j-api\2.12.1\log4j-api-2.12.1.jar;D:\javadepsoft\repositorys\org\slf4j\jul-to-slf4j\1.7.30\jul-to-slf4j-1.7.30.jar;D:\javadepsoft\repositorys\jakarta\annotation\jakarta.annotation-api\1.3.5\jakarta.annotation-api-1.3.5.jar;D:\javadepsoft\repositorys\org\yaml\snakeyaml\1.25\snakeyaml-1.25.jar;D:\javadepsoft\repositorys\org\springframework\boot\spring-boot-starter-json\2.2.7.RELEASE\spring-boot-starter-json-2.2.7.RELEASE.jar;D:\javadepsoft\repositorys\com\fasterxml\jackson\core\jackson-databind\2.10.4\jackson-databind-2.10.4.jar;D:\javadepsoft\repositorys\com\fasterxml\jackson\core\jackson-annotations\2.10.4\jackson-annotations-2.10.4.jar;D:\javadepsoft\repositorys\com\fasterxml\jackson\core\jackson-core\2.10.4\jackson-core-2.10.4.jar;D:\javadepsoft\repositorys\com\fasterxml\jackson\datatype\jackson-datatype-jdk8\2.10.4\jackson-datatype-jdk8-2.10.4.jar;D:\javadepsoft\repositorys\com\fasterxml\jackson\datatype\jackson-datatype-jsr310\2.10.4\jackson-datatype-jsr310-2.10.4.jar;D:\javadepsoft\repositorys\com\fasterxml\jackson\module\jackson-module-parameter-names\2.10.4\jackson-module-parameter-names-2.10.4.jar;D:\javadepsoft\repositorys\org\springframework\boot\spring-boot-starter-tomcat\2.2.7.RELEASE\spring-boot-starter-tomcat-2.2.7.RELEASE.jar;D:\javadepsoft\repositorys\org\apache\tomcat\embed\tomcat-embed-core\9.0.34\tomcat-embed-core-9.0.34.jar;D:\javadepsoft\repositorys\org\apache\tomcat\embed\tomcat-embed-el\9.0.34\tomcat-embed-el-9.0.34.jar;D:\javadepsoft\repositorys\org\apache\tomcat\embed\tomcat-embed-websocket\9.0.34\tomcat-embed-websocket-9.0.34.jar;D:\javadepsoft\repositorys\org\springframework\boot\spring-boot-starter-validation\2.2.7.RELEASE\spring-boot-starter-validation-2.2.7.RELEASE.jar;D:\javadepsoft\repositorys\jakarta\validation\jakarta.validation-api\2.0.2\jakarta.validation-api-2.0.2.jar;D:\javadepsoft\repositorys\org\hibernate\validator\hibernate-validator\6.0.19.Final\hibernate-validator-6.0.19.Final.jar;D:\javadepsoft\repositorys\org\jboss\logging\jboss-logging\3.4.1.Final\jboss-logging-3.4.1.Final.jar;D:\javadepsoft\repositorys\com\fasterxml\classmate\1.5.1\classmate-1.5.1.jar;D:\javadepsoft\repositorys\org\springframework\spring-web\5.2.6.RELEASE\spring-web-5.2.6.RELEASE.jar;D:\javadepsoft\repositorys\org\springframework\spring-beans\5.2.6.RELEASE\spring-beans-5.2.6.RELEASE.jar;D:\javadepsoft\repositorys\org\springframework\spring-webmvc\5.2.6.RELEASE\spring-webmvc-5.2.6.RELEASE.jar;D:\javadepsoft\repositorys\org\springframework\spring-aop\5.2.6.RELEASE\spring-aop-5.2.6.RELEASE.jar;D:\javadepsoft\repositorys\org\springframework\spring-context\5.2.6.RELEASE\spring-context-5.2.6.RELEASE.jar;D:\javadepsoft\repositorys\org\springframework\spring-expression\5.2.6.RELEASE\spring-expression-5.2.6.RELEASE.jar;D:\javadepsoft\repositorys\org\springframework\cloud\spring-cloud-starter-netflix-eureka-server\2.2.2.RELEASE\spring-cloud-starter-netflix-eureka-server-2.2.2.RELEASE.jar;D:\javadepsoft\repositorys\org\springframework\cloud\spring-cloud-starter\2.2.2.RELEASE\spring-cloud-starter-2.2.2.RELEASE.jar;D:\javadepsoft\repositorys\org\springframework\cloud\spring-cloud-context\2.2.2.RELEASE\spring-cloud-context-2.2.2.RELEASE.jar;D:\javadepsoft\repositorys\org\springframework\security\spring-security-crypto\5.2.4.RELEASE\spring-security-crypto-5.2.4.RELEASE.jar;D:\javadepsoft\repositorys\org\springframework\cloud\spring-cloud-commons\2.2.2.RELEASE\spring-cloud-commons-2.2.2.RELEASE.jar;D:\javadepsoft\repositorys\org\springframework\security\spring-security-rsa\1.0.9.RELEASE\spring-security-rsa-1.0.9.RELEASE.jar;D:\javadepsoft\repositorys\org\bouncycastle\bcpkix-jdk15on\1.64\bcpkix-jdk15on-1.64.jar;D:\javadepsoft\repositorys\org\bouncycastle\bcprov-jdk15on\1.64\bcprov-jdk15on-1.64.jar;D:\javadepsoft\repositorys\org\springframework\cloud\spring-cloud-netflix-eureka-server\2.2.2.RELEASE\spring-cloud-netflix-eureka-server-2.2.2.RELEASE.jar;D:\javadepsoft\repositorys\org\springframework\boot\spring-boot-starter-actuator\2.2.7.RELEASE\spring-boot-starter-actuator-2.2.7.RELEASE.jar;D:\javadepsoft\repositorys\org\springframework\boot\spring-boot-actuator-autoconfigure\2.2.7.RELEASE\spring-boot-actuator-autoconfigure-2.2.7.RELEASE.jar;D:\javadepsoft\repositorys\org\springframework\boot\spring-boot-actuator\2.2.7.RELEASE\spring-boot-actuator-2.2.7.RELEASE.jar;D:\javadepsoft\repositorys\io\micrometer\micrometer-core\1.3.8\micrometer-core-1.3.8.jar;D:\javadepsoft\repositorys\org\latencyutils\LatencyUtils\2.0.3\LatencyUtils-2.0.3.jar;D:\javadepsoft\repositorys\org\springframework\boot\spring-boot-starter-freemarker\2.2.7.RELEASE\spring-boot-starter-freemarker-2.2.7.RELEASE.jar;D:\javadepsoft\repositorys\org\freemarker\freemarker\2.3.30\freemarker-2.3.30.jar;D:\javadepsoft\repositorys\org\springframework\spring-context-support\5.2.6.RELEASE\spring-context-support-5.2.6.RELEASE.jar;D:\javadepsoft\repositorys\org\springframework\cloud\spring-cloud-netflix-hystrix\2.2.2.RELEASE\spring-cloud-netflix-hystrix-2.2.2.RELEASE.jar;D:\javadepsoft\repositorys\org\springframework\boot\spring-boot-starter-aop\2.2.7.RELEASE\spring-boot-starter-aop-2.2.7.RELEASE.jar;D:\javadepsoft\repositorys\org\aspectj\aspectjweaver\1.9.5\aspectjweaver-1.9.5.jar;D:\javadepsoft\repositorys\org\springframework\cloud\spring-cloud-netflix-eureka-client\2.2.2.RELEASE\spring-cloud-netflix-eureka-client-2.2.2.RELEASE.jar;D:\javadepsoft\repositorys\com\netflix\eureka\eureka-client\1.9.17\eureka-client-1.9.17.jar;D:\javadepsoft\repositorys\org\codehaus\jettison\jettison\1.3.7\jettison-1.3.7.jar;D:\javadepsoft\repositorys\stax\stax-api\1.0.1\stax-api-1.0.1.jar;D:\javadepsoft\repositorys\com\netflix\netflix-commons\netflix-eventbus\0.3.0\netflix-eventbus-0.3.0.jar;D:\javadepsoft\repositorys\com\netflix\netflix-commons\netflix-infix\0.3.0\netflix-infix-0.3.0.jar;D:\javadepsoft\repositorys\commons-jxpath\commons-jxpath\1.3\commons-jxpath-1.3.jar;D:\javadepsoft\repositorys\joda-time\joda-time\2.10.6\joda-time-2.10.6.jar;D:\javadepsoft\repositorys\org\antlr\antlr-runtime\3.4\antlr-runtime-3.4.jar;D:\javadepsoft\repositorys\org\antlr\stringtemplate\3.2.1\stringtemplate-3.2.1.jar;D:\javadepsoft\repositorys\antlr\antlr\2.7.7\antlr-2.7.7.jar;D:\javadepsoft\repositorys\com\google\code\gson\gson\2.8.6\gson-2.8.6.jar;D:\javadepsoft\repositorys\org\apache\commons\commons-math\2.2\commons-math-2.2.jar;D:\javadepsoft\repositorys\javax\ws\rs\jsr311-api\1.1.1\jsr311-api-1.1.1.jar;D:\javadepsoft\repositorys\com\netflix\servo\servo-core\0.12.21\servo-core-0.12.21.jar;D:\javadepsoft\repositorys\com\sun\jersey\jersey-core\1.19.1\jersey-core-1.19.1.jar;D:\javadepsoft\repositorys\com\sun\jersey\contribs\jersey-apache-client4\1.19.1\jersey-apache-client4-1.19.1.jar;D:\javadepsoft\repositorys\org\apache\httpcomponents\httpclient\4.5.12\httpclient-4.5.12.jar;D:\javadepsoft\repositorys\org\apache\httpcomponents\httpcore\4.4.13\httpcore-4.4.13.jar;D:\javadepsoft\repositorys\commons-codec\commons-codec\1.13\commons-codec-1.13.jar;D:\javadepsoft\repositorys\com\google\inject\guice\4.1.0\guice-4.1.0.jar;D:\javadepsoft\repositorys\aopalliance\aopalliance\1.0\aopalliance-1.0.jar;D:\javadepsoft\repositorys\com\sun\jersey\jersey-servlet\1.19.1\jersey-servlet-1.19.1.jar;D:\javadepsoft\repositorys\com\sun\jersey\jersey-server\1.19.1\jersey-server-1.19.1.jar;D:\javadepsoft\repositorys\com\sun\jersey\jersey-client\1.19.1\jersey-client-1.19.1.jar;D:\javadepsoft\repositorys\com\netflix\eureka\eureka-core\1.9.17\eureka-core-1.9.17.jar;D:\javadepsoft\repositorys\com\netflix\archaius\archaius-core\0.7.6\archaius-core-0.7.6.jar;D:\javadepsoft\repositorys\com\google\code\findbugs\jsr305\3.0.1\jsr305-3.0.1.jar;D:\javadepsoft\repositorys\com\google\guava\guava\28.2-android\guava-28.2-android.jar;D:\javadepsoft\repositorys\com\google\guava\failureaccess\1.0.1\failureaccess-1.0.1.jar;D:\javadepsoft\repositorys\com\google\guava\listenablefuture\9999.0-empty-to-avoid-conflict-with-guava\listenablefuture-9999.0-empty-to-avoid-conflict-with-guava.jar;D:\javadepsoft\repositorys\org\checkerframework\checker-compat-qual\2.5.5\checker-compat-qual-2.5.5.jar;D:\javadepsoft\repositorys\com\google\errorprone\error_prone_annotations\2.3.4\error_prone_annotations-2.3.4.jar;D:\javadepsoft\repositorys\com\google\j2objc\j2objc-annotations\1.3\j2objc-annotations-1.3.jar;D:\javadepsoft\repositorys\javax\inject\javax.inject\1\javax.inject-1.jar;D:\javadepsoft\repositorys\com\fasterxml\jackson\dataformat\jackson-dataformat-xml\2.10.4\jackson-dataformat-xml-2.10.4.jar;D:\javadepsoft\repositorys\com\fasterxml\jackson\module\jackson-module-jaxb-annotations\2.10.4\jackson-module-jaxb-annotations-2.10.4.jar;D:\javadepsoft\repositorys\org\codehaus\woodstox\stax2-api\4.2\stax2-api-4.2.jar;D:\javadepsoft\repositorys\com\thoughtworks\xstream\xstream\1.4.11.1\xstream-1.4.11.1.jar;D:\javadepsoft\repositorys\xmlpull\xmlpull\1.1.3.1\xmlpull-1.1.3.1.jar;D:\javadepsoft\repositorys\xpp3\xpp3_min\1.1.4c\xpp3_min-1.1.4c.jar;D:\javadepsoft\repositorys\org\springframework\cloud\spring-cloud-starter-netflix-archaius\2.2.2.RELEASE\spring-cloud-starter-netflix-archaius-2.2.2.RELEASE.jar;D:\javadepsoft\repositorys\org\springframework\cloud\spring-cloud-netflix-ribbon\2.2.2.RELEASE\spring-cloud-netflix-ribbon-2.2.2.RELEASE.jar;D:\javadepsoft\repositorys\org\springframework\cloud\spring-cloud-netflix-archaius\2.2.2.RELEASE\spring-cloud-netflix-archaius-2.2.2.RELEASE.jar;D:\javadepsoft\repositorys\commons-configuration\commons-configuration\1.8\commons-configuration-1.8.jar;D:\javadepsoft\repositorys\commons-lang\commons-lang\2.6\commons-lang-2.6.jar;D:\javadepsoft\repositorys\org\springframework\cloud\spring-cloud-starter-netflix-ribbon\2.2.2.RELEASE\spring-cloud-starter-netflix-ribbon-2.2.2.RELEASE.jar;D:\javadepsoft\repositorys\com\netflix\ribbon\ribbon\2.3.0\ribbon-2.3.0.jar;D:\javadepsoft\repositorys\com\netflix\ribbon\ribbon-transport\2.3.0\ribbon-transport-2.3.0.jar;D:\javadepsoft\repositorys\io\reactivex\rxnetty-contexts\0.4.9\rxnetty-contexts-0.4.9.jar;D:\javadepsoft\repositorys\io\reactivex\rxnetty-servo\0.4.9\rxnetty-servo-0.4.9.jar;D:\javadepsoft\repositorys\com\netflix\hystrix\hystrix-core\1.5.18\hystrix-core-1.5.18.jar;D:\javadepsoft\repositorys\io\reactivex\rxnetty\0.4.9\rxnetty-0.4.9.jar;D:\javadepsoft\repositorys\com\netflix\ribbon\ribbon-core\2.3.0\ribbon-core-2.3.0.jar;D:\javadepsoft\repositorys\com\netflix\ribbon\ribbon-httpclient\2.3.0\ribbon-httpclient-2.3.0.jar;D:\javadepsoft\repositorys\commons-collections\commons-collections\3.2.2\commons-collections-3.2.2.jar;D:\javadepsoft\repositorys\com\netflix\netflix-commons\netflix-commons-util\0.3.0\netflix-commons-util-0.3.0.jar;D:\javadepsoft\repositorys\com\netflix\ribbon\ribbon-loadbalancer\2.3.0\ribbon-loadbalancer-2.3.0.jar;D:\javadepsoft\repositorys\com\netflix\netflix-commons\netflix-statistics\0.1.1\netflix-statistics-0.1.1.jar;D:\javadepsoft\repositorys\io\reactivex\rxjava\1.3.8\rxjava-1.3.8.jar;D:\javadepsoft\repositorys\org\springframework\cloud\spring-cloud-starter-loadbalancer\2.2.2.RELEASE\spring-cloud-starter-loadbalancer-2.2.2.RELEASE.jar;D:\javadepsoft\repositorys\org\springframework\cloud\spring-cloud-loadbalancer\2.2.2.RELEASE\spring-cloud-loadbalancer-2.2.2.RELEASE.jar;D:\javadepsoft\repositorys\io\projectreactor\reactor-core\3.3.5.RELEASE\reactor-core-3.3.5.RELEASE.jar;D:\javadepsoft\repositorys\org\reactivestreams\reactive-streams\1.0.3\reactive-streams-1.0.3.jar;D:\javadepsoft\repositorys\io\projectreactor\addons\reactor-extra\3.3.3.RELEASE\reactor-extra-3.3.3.RELEASE.jar;D:\javadepsoft\repositorys\org\springframework\boot\spring-boot-starter-cache\2.2.7.RELEASE\spring-boot-starter-cache-2.2.7.RELEASE.jar;D:\javadepsoft\repositorys\com\stoyanr\evictor\1.0.0\evictor-1.0.0.jar;D:\javadepsoft\repositorys\com\netflix\ribbon\ribbon-eureka\2.3.0\ribbon-eureka-2.3.0.jar;D:\javadepsoft\repositorys\org\glassfish\jaxb\jaxb-runtime\2.3.3\jaxb-runtime-2.3.3.jar;D:\javadepsoft\repositorys\org\glassfish\jaxb\txw2\2.3.3\txw2-2.3.3.jar;D:\javadepsoft\repositorys\com\sun\istack\istack-commons-runtime\3.0.11\istack-commons-runtime-3.0.11.jar;D:\javadepsoft\repositorys\com\sun\activation\jakarta.activation\1.2.2\jakarta.activation-1.2.2.jar;D:\javadepsoft\repositorys\org\springframework\boot\spring-boot-starter-test\2.2.7.RELEASE\spring-boot-starter-test-2.2.7.RELEASE.jar;D:\javadepsoft\repositorys\org\springframework\boot\spring-boot-test\2.2.7.RELEASE\spring-boot-test-2.2.7.RELEASE.jar;D:\javadepsoft\repositorys\org\springframework\boot\spring-boot-test-autoconfigure\2.2.7.RELEASE\spring-boot-test-autoconfigure-2.2.7.RELEASE.jar;D:\javadepsoft\repositorys\com\jayway\jsonpath\json-path\2.4.0\json-path-2.4.0.jar;D:\javadepsoft\repositorys\net\minidev\json-smart\2.3\json-smart-2.3.jar;D:\javadepsoft\repositorys\net\minidev\accessors-smart\1.2\accessors-smart-1.2.jar;D:\javadepsoft\repositorys\org\ow2\asm\asm\5.0.4\asm-5.0.4.jar;D:\javadepsoft\repositorys\jakarta\xml\bind\jakarta.xml.bind-api\2.3.3\jakarta.xml.bind-api-2.3.3.jar;D:\javadepsoft\repositorys\jakarta\activation\jakarta.activation-api\1.2.2\jakarta.activation-api-1.2.2.jar;D:\javadepsoft\repositorys\org\junit\jupiter\junit-jupiter\5.5.2\junit-jupiter-5.5.2.jar;D:\javadepsoft\repositorys\org\junit\jupiter\junit-jupiter-api\5.5.2\junit-jupiter-api-5.5.2.jar;D:\javadepsoft\repositorys\org\apiguardian\apiguardian-api\1.1.0\apiguardian-api-1.1.0.jar;D:\javadepsoft\repositorys\org\opentest4j\opentest4j\1.2.0\opentest4j-1.2.0.jar;D:\javadepsoft\repositorys\org\junit\platform\junit-platform-commons\1.5.2\junit-platform-commons-1.5.2.jar;D:\javadepsoft\repositorys\org\junit\jupiter\junit-jupiter-params\5.5.2\junit-jupiter-params-5.5.2.jar;D:\javadepsoft\repositorys\org\junit\jupiter\junit-jupiter-engine\5.5.2\junit-jupiter-engine-5.5.2.jar;D:\javadepsoft\repositorys\org\junit\platform\junit-platform-engine\1.5.2\junit-platform-engine-1.5.2.jar;D:\javadepsoft\repositorys\org\mockito\mockito-junit-jupiter\3.1.0\mockito-junit-jupiter-3.1.0.jar;D:\javadepsoft\repositorys\org\assertj\assertj-core\3.13.2\assertj-core-3.13.2.jar;D:\javadepsoft\repositorys\org\hamcrest\hamcrest\2.1\hamcrest-2.1.jar;D:\javadepsoft\repositorys\org\mockito\mockito-core\3.1.0\mockito-core-3.1.0.jar;D:\javadepsoft\repositorys\net\bytebuddy\byte-buddy\1.10.10\byte-buddy-1.10.10.jar;D:\javadepsoft\repositorys\net\bytebuddy\byte-buddy-agent\1.10.10\byte-buddy-agent-1.10.10.jar;D:\javadepsoft\repositorys\org\objenesis\objenesis\2.6\objenesis-2.6.jar;D:\javadepsoft\repositorys\org\skyscreamer\jsonassert\1.5.0\jsonassert-1.5.0.jar;D:\javadepsoft\repositorys\com\vaadin\external\google\android-json\0.0.20131108.vaadin1\android-json-0.0.20131108.vaadin1.jar;D:\javadepsoft\repositorys\org\springframework\spring-core\5.2.6.RELEASE\spring-core-5.2.6.RELEASE.jar;D:\javadepsoft\repositorys\org\springframework\spring-jcl\5.2.6.RELEASE\spring-jcl-5.2.6.RELEASE.jar;D:\javadepsoft\repositorys\org\springframework\spring-test\5.2.6.RELEASE\spring-test-5.2.6.RELEASE.jar;D:\javadepsoft\repositorys\org\xmlunit\xmlunit-core\2.6.4\xmlunit-core-2.6.4.jar;D:\javadepsoft\repositorys\ch\qos\logback\logback-classic\1.2.3\logback-classic-1.2.3.jar;D:\javadepsoft\repositorys\ch\qos\logback\logback-core\1.2.3\logback-core-1.2.3.jar;D:\javadepsoft\repositorys\org\slf4j\slf4j-api\1.7.30\slf4j-api-1.7.30.jar;"/>
    <property name="sun.cpu.endian" value="little"/>
    <property name="user.home" value="C:\Users\MrLu"/>
    <property name="user.language" value="zh"/>
    <property name="java.specification.vendor" value="Oracle Corporation"/>
    <property name="java.home" value="C:\Program Files\Java\jdk1.8.0_181\jre"/>
    <property name="basedir" value="D:\work-space\idea-work-space\lsdn\cloud\registry"/>
    <property name="file.separator" value="\"/>
    <property name="line.separator" value="&#10;"/>
    <property name="java.vm.specification.vendor" value="Oracle Corporation"/>
    <property name="java.specification.name" value="Java Platform API Specification"/>
    <property name="java.awt.graphicsenv" value="sun.awt.Win32GraphicsEnvironment"/>
    <property name="surefire.real.class.path" value="C:\Users\MrLu\AppData\Local\Temp\surefire1499424224960218741\surefirebooter7605517075322267842.jar"/>
    <property name="sun.boot.class.path" value="C:\Program Files\Java\jdk1.8.0_181\jre\lib\resources.jar;C:\Program Files\Java\jdk1.8.0_181\jre\lib\rt.jar;C:\Program Files\Java\jdk1.8.0_181\jre\lib\sunrsasign.jar;C:\Program Files\Java\jdk1.8.0_181\jre\lib\jsse.jar;C:\Program Files\Java\jdk1.8.0_181\jre\lib\jce.jar;C:\Program Files\Java\jdk1.8.0_181\jre\lib\charsets.jar;C:\Program Files\Java\jdk1.8.0_181\jre\lib\jfr.jar;C:\Program Files\Java\jdk1.8.0_181\jre\classes"/>
    <property name="user.script" value=""/>
    <property name="sun.management.compiler" value="HotSpot 64-Bit Tiered Compilers"/>
    <property name="java.runtime.version" value="1.8.0_181-b13"/>
    <property name="user.name" value="MrLu"/>
    <property name="path.separator" value=";"/>
    <property name="os.version" value="10.0"/>
    <property name="java.endorsed.dirs" value="C:\Program Files\Java\jdk1.8.0_181\jre\lib\endorsed"/>
    <property name="java.runtime.name" value="Java(TM) SE Runtime Environment"/>
    <property name="file.encoding" value="GBK"/>
    <property name="java.vm.name" value="Java HotSpot(TM) 64-Bit Server VM"/>
    <property name="localRepository" value="D:\javadepsoft\repositorys"/>
    <property name="java.vendor.url.bug" value="http://bugreport.sun.com/bugreport/"/>
    <property name="java.io.tmpdir" value="C:\Users\MrLu\AppData\Local\Temp\"/>
    <property name="java.version" value="1.8.0_181"/>
    <property name="user.dir" value="D:\work-space\idea-work-space\lsdn\cloud\registry"/>
    <property name="os.arch" value="amd64"/>
    <property name="java.vm.specification.name" value="Java Virtual Machine Specification"/>
    <property name="java.awt.printerjob" value="sun.awt.windows.WPrinterJob"/>
    <property name="sun.os.patch.level" value=""/>
    <property name="java.library.path" value="C:\Program Files\Java\jdk1.8.0_181\jre\bin;C:\WINDOWS\Sun\Java\bin;C:\WINDOWS\system32;C:\WINDOWS;C:\Program Files (x86)\NetSarang\Xftp 6\;C:\Windows\system32;C:\Windows;C:\Windows\System32\Wbem;C:\Windows\System32\WindowsPowerShell\v1.0\;C:\Program Files (x86)\NVIDIA Corporation\PhysX\Common;C:\Program Files\Intel\WiFi\bin\;C:\Program Files\Common Files\Intel\WirelessCommon\;C:\Program Files\PuTTY\;C:\Program Files\Git\cmd;C:\Program Files\TortoiseGit\bin;D:\apache-maven-3.3.9\apache-maven-3.3.9\bin;C:\WINDOWS\system32;C:\WINDOWS;C:\WINDOWS\System32\Wbem;C:\WINDOWS\System32\WindowsPowerShell\v1.0\;C:\WINDOWS\System32\OpenSSH\;C:\Program Files\nodejs\;C:\Users\MrLu\AppData\Local\Programs\Python\Python37-32;C:\Users\MrLu\AppData\Local\Programs\Python\Python37-32\Scripts;D:\work-space\python-workspace\mysite_env\Scripts;C:\Program Files\dotnet\;C:\Program Files\Microsoft SQL Server\130\Tools\Binn\;C:\Program Files\Microsoft SQL Server\Client SDK\ODBC\170\Tools\Binn\;C:\Program Files\mysql-5.7.26-winx64\bin;C:\Program Files\MySQL\MySQL Utilities 1.6\;C:\Program Files\NVIDIA Corporation\NVIDIA NvDLISR;C:\Program Files\TortoiseSVN\bin;C:\Program Files\Java\jdk1.8.0_181\bin;C:\Program Files\Java\jdk1.8.0_181\jre\bin;C:\Program Files (x86)\Common Files\Oracle\Java\javapathC:\Program Files (x86)\Common Files\Oracle\Java\javapath;C:\Program Files\MySQL\MySQL Shell 8.0\bin\;C:\Users\MrLu\AppData\Local\Programs\Microsoft VS Code\bin;;C:\Program Files\JetBrains\IntelliJ IDEA 2020.1.1\bin;;."/>
    <property name="java.vm.info" value="mixed mode"/>
    <property name="java.vendor" value="Oracle Corporation"/>
    <property name="java.vm.version" value="25.181-b13"/>
    <property name="java.ext.dirs" value="C:\Program Files\Java\jdk1.8.0_181\jre\lib\ext;C:\WINDOWS\Sun\Java\lib\ext"/>
    <property name="sun.io.unicode.encoding" value="UnicodeLittle"/>
    <property name="java.class.version" value="52.0"/>
  </properties>
  <testcase name="contextLoads" classname="cn.com.liandisys.lsdn.cloud.registry.RegistryApplicationTests" time="0.303"/>
</testsuite>